0 info it worked if it ends with ok
1 verbose cli [ '/usr/bin/node', '/usr/bin/npm', 'run', 'scssBeersContainer' ]
2 info using npm@3.5.2
3 info using node@v8.10.0
4 verbose run-script [ 'prescssBeersContainer',
4 verbose run-script   'scssBeersContainer',
4 verbose run-script   'postscssBeersContainer' ]
5 info lifecycle el_baron_de_la_birra@1.0.0~prescssBeersContainer: el_baron_de_la_birra@1.0.0
6 silly lifecycle el_baron_de_la_birra@1.0.0~prescssBeersContainer: no script for prescssBeersContainer, continuing
7 info lifecycle el_baron_de_la_birra@1.0.0~scssBeersContainer: el_baron_de_la_birra@1.0.0
8 verbose lifecycle el_baron_de_la_birra@1.0.0~scssBeersContainer: unsafe-perm in lifecycle true
9 verbose lifecycle el_baron_de_la_birra@1.0.0~scssBeersContainer: PATH: /usr/share/npm/bin/node-gyp-bin:/home/carlos/Proyectos/ProyectoFinal/node_modules/.bin:/usr/local/sbin:/usr/local/bin:/usr/sbin:/usr/bin:/sbin:/bin:/usr/games:/usr/local/games:/snap/bin
10 verbose lifecycle el_baron_de_la_birra@1.0.0~scssBeersContainer: CWD: /home/carlos/Proyectos/ProyectoFinal
11 silly lifecycle el_baron_de_la_birra@1.0.0~scssBeersContainer: Args: [ '-c',
11 silly lifecycle   'node-sass --watch src/app/view/client/scss/beersContainer.scss -o src/public/styles' ]
12 silly lifecycle el_baron_de_la_birra@1.0.0~scssBeersContainer: Returned: code: 1  signal: null
13 info lifecycle el_baron_de_la_birra@1.0.0~scssBeersContainer: Failed to exec scssBeersContainer script
14 verbose stack Error: el_baron_de_la_birra@1.0.0 scssBeersContainer: `node-sass --watch src/app/view/client/scss/beersContainer.scss -o src/public/styles`
14 verbose stack Exit status 1
14 verbose stack     at EventEmitter.<anonymous> (/usr/share/npm/lib/utils/lifecycle.js:232:16)
14 verbose stack     at emitTwo (events.js:126:13)
14 verbose stack     at EventEmitter.emit (events.js:214:7)
14 verbose stack     at ChildProcess.<anonymous> (/usr/share/npm/lib/utils/spawn.js:24:14)
14 verbose stack     at emitTwo (events.js:126:13)
14 verbose stack     at ChildProcess.emit (events.js:214:7)
14 verbose stack     at maybeClose (internal/child_process.js:925:16)
14 verbose stack     at Process.ChildProcess._handle.onexit (internal/child_process.js:209:5)
15 verbose pkgid el_baron_de_la_birra@1.0.0
16 verbose cwd /home/carlos/Proyectos/ProyectoFinal
17 error Linux 5.3.0-46-generic
18 error argv "/usr/bin/node" "/usr/bin/npm" "run" "scssBeersContainer"
19 error node v8.10.0
20 error npm  v3.5.2
21 error code ELIFECYCLE
22 error el_baron_de_la_birra@1.0.0 scssBeersContainer: `node-sass --watch src/app/view/client/scss/beersContainer.scss -o src/public/styles`
22 error Exit status 1
23 error Failed at the el_baron_de_la_birra@1.0.0 scssBeersContainer script 'node-sass --watch src/app/view/client/scss/beersContainer.scss -o src/public/styles'.
23 error Make sure you have the latest version of node.js and npm installed.
23 error If you do, this is most likely a problem with the el_baron_de_la_birra package,
23 error not with npm itself.
23 error Tell the author that this fails on your system:
23 error     node-sass --watch src/app/view/client/scss/beersContainer.scss -o src/public/styles
23 error You can get information on how to open an issue for this project with:
23 error     npm bugs el_baron_de_la_birra
23 error Or if that isn't available, you can get their info via:
23 error     npm owner ls el_baron_de_la_birra
23 error There is likely additional logging output above.
24 verbose exit [ 1, true ]
